<?xml version="1.0" encoding="UTF-8"?>
<robot generator="Robot 6.1.1 (Python 3.9.13 on win32)" generated="20231010 21:02:06.918" rpa="false" schemaversion="4">
<suite id="s1" name="Suites">
<suite id="s1-s1" name="AddLatopTest" source="C:\Users\jinjh\PycharmProjects\RobotProject\TestCases\AddLatopTest.robot">
<test id="s1-s1-t1" name="Test Click One Latop" line="8">
<kw name="Open My Browser" library="LaptopCategoriesResources" type="SETUP">
<kw name="Open Browser" library="SeleniumLibrary">
<arg>https://www.demoblaze.com/index.html</arg>
<arg>chrome</arg>
<doc>Opens a new browser instance to the optional ``url``.</doc>
<msg timestamp="20231010 21:02:07.305" level="INFO">Opening browser 'chrome' to base url 'https://www.demoblaze.com/index.html'.</msg>
<status status="PASS" starttime="20231010 21:02:07.305" endtime="20231010 21:02:35.467"/>
</kw>
<kw name="Maximize Browser Window" library="SeleniumLibrary">
<doc>Maximizes current browser window.</doc>
<status status="PASS" starttime="20231010 21:02:35.467" endtime="20231010 21:02:35.595"/>
</kw>
<kw name="Set Selenium Implicit Wait" library="SeleniumLibrary">
<arg>20</arg>
<doc>Sets the implicit wait value used by Selenium.</doc>
<status status="PASS" starttime="20231010 21:02:35.595" endtime="20231010 21:02:35.598"/>
</kw>
<kw name="Sleep" library="BuiltIn">
<arg>3</arg>
<doc>Pauses the test executed for the given time.</doc>
<msg timestamp="20231010 21:02:38.601" level="INFO">Slept 3 seconds</msg>
<status status="PASS" starttime="20231010 21:02:35.598" endtime="20231010 21:02:38.601"/>
</kw>
<status status="PASS" starttime="20231010 21:02:07.305" endtime="20231010 21:02:38.601"/>
</kw>
<kw name="Click Laptop Categories" library="LaptopCategoriesResources">
<kw name="Click Element" library="SeleniumLibrary">
<arg>${laptopsCategories}</arg>
<doc>Click the element identified by ``locator``.</doc>
<msg timestamp="20231010 21:02:38.605" level="INFO">Clicking element 'xpath:(//a[@class="list-group-item"])[3]'.</msg>
<status status="PASS" starttime="20231010 21:02:38.602" endtime="20231010 21:02:38.735"/>
</kw>
<kw name="Sleep" library="BuiltIn">
<arg>1</arg>
<doc>Pauses the test executed for the given time.</doc>
<msg timestamp="20231010 21:02:39.739" level="INFO">Slept 1 second</msg>
<status status="PASS" starttime="20231010 21:02:38.735" endtime="20231010 21:02:39.739"/>
</kw>
<status status="PASS" starttime="20231010 21:02:38.602" endtime="20231010 21:02:39.739"/>
</kw>
<kw name="Click A Laptop" library="LaptopCategoriesResources">
<kw name="Click Element" library="SeleniumLibrary">
<arg>${fristLaptop}</arg>
<doc>Click the element identified by ``locator``.</doc>
<msg timestamp="20231010 21:02:39.743" level="INFO">Clicking element '(//div[@class="card h-100"])[1]'.</msg>
<status status="PASS" starttime="20231010 21:02:39.741" endtime="20231010 21:02:40.545"/>
</kw>
<status status="PASS" starttime="20231010 21:02:39.739" endtime="20231010 21:02:40.546"/>
</kw>
<kw name="Verify Name Is Displayed" library="LaptopCategoriesResources">
<kw name="Wait Until Element Is Visible" library="SeleniumLibrary">
<arg>${laptopPrice}</arg>
<doc>Waits until the element ``locator`` is visible.</doc>
<status status="PASS" starttime="20231010 21:02:40.546" endtime="20231010 21:02:41.198"/>
</kw>
<kw name="Element Should Be Visible" library="SeleniumLibrary">
<arg>${laptopPrice}</arg>
<doc>Verifies that the element identified by ``locator`` is visible.</doc>
<msg timestamp="20231010 21:02:41.226" level="INFO">Element 'xpath://h3[@class="price-container"]' is displayed.</msg>
<status status="PASS" starttime="20231010 21:02:41.198" endtime="20231010 21:02:41.227"/>
</kw>
<status status="PASS" starttime="20231010 21:02:40.546" endtime="20231010 21:02:41.227"/>
</kw>
<kw name="Verify Price Is Displayed" library="LaptopCategoriesResources">
<kw name="Wait Until Element Is Visible" library="SeleniumLibrary">
<arg>${laptopName}</arg>
<doc>Waits until the element ``locator`` is visible.</doc>
<status status="PASS" starttime="20231010 21:02:41.227" endtime="20231010 21:02:41.252"/>
</kw>
<kw name="Element Should Be Visible" library="SeleniumLibrary">
<arg>${laptopName}</arg>
<doc>Verifies that the element identified by ``locator`` is visible.</doc>
<msg timestamp="20231010 21:02:41.273" level="INFO">Element 'xpath://h2[@class="name"]' is displayed.</msg>
<status status="PASS" starttime="20231010 21:02:41.252" endtime="20231010 21:02:41.273"/>
</kw>
<status status="PASS" starttime="20231010 21:02:41.227" endtime="20231010 21:02:41.273"/>
</kw>
<kw name="Verify Img Is Displayed" library="LaptopCategoriesResources">
<kw name="Wait Until Element Is Visible" library="SeleniumLibrary">
<arg>${latopImg}</arg>
<doc>Waits until the element ``locator`` is visible.</doc>
<status status="PASS" starttime="20231010 21:02:41.274" endtime="20231010 21:02:41.301"/>
</kw>
<kw name="Element Should Be Visible" library="SeleniumLibrary">
<arg>${latopImg}</arg>
<doc>Verifies that the element identified by ``locator`` is visible.</doc>
<msg timestamp="20231010 21:02:41.325" level="INFO">Element 'xpath://div[@class="item active"]//img' is displayed.</msg>
<status status="PASS" starttime="20231010 21:02:41.301" endtime="20231010 21:02:41.325"/>
</kw>
<status status="PASS" starttime="20231010 21:02:41.273" endtime="20231010 21:02:41.325"/>
</kw>
<kw name="Verify Description Is Displayed" library="LaptopCategoriesResources">
<kw name="Wait Until Element Is Visible" library="SeleniumLibrary">
<arg>${laptopDescription}</arg>
<doc>Waits until the element ``locator`` is visible.</doc>
<status status="PASS" starttime="20231010 21:02:41.326" endtime="20231010 21:02:41.354"/>
</kw>
<kw name="Element Should Be Visible" library="SeleniumLibrary">
<arg>${laptopDescription}</arg>
<doc>Verifies that the element identified by ``locator`` is visible.</doc>
<msg timestamp="20231010 21:02:41.376" level="INFO">Element 'xpath://div[@class="description description-tabs"]' is displayed.</msg>
<status status="PASS" starttime="20231010 21:02:41.354" endtime="20231010 21:02:41.376"/>
</kw>
<status status="PASS" starttime="20231010 21:02:41.325" endtime="20231010 21:02:41.376"/>
</kw>
<kw name="Verify Add To Cart Is Displayed" library="LaptopCategoriesResources">
<kw name="Wait Until Element Is Visible" library="SeleniumLibrary">
<arg>${addToCart}</arg>
<doc>Waits until the element ``locator`` is visible.</doc>
<status status="PASS" starttime="20231010 21:02:41.377" endtime="20231010 21:02:41.402"/>
</kw>
<kw name="Element Should Be Visible" library="SeleniumLibrary">
<arg>${addToCart}</arg>
<doc>Verifies that the element identified by ``locator`` is visible.</doc>
<msg timestamp="20231010 21:02:41.430" level="INFO">Element 'xpath://a[@class="btn btn-success btn-lg"]' is displayed.</msg>
<status status="PASS" starttime="20231010 21:02:41.402" endtime="20231010 21:02:41.430"/>
</kw>
<status status="PASS" starttime="20231010 21:02:41.377" endtime="20231010 21:02:41.430"/>
</kw>
<kw name="Close Browser" library="LaptopCategoriesResources" type="TEARDOWN">
<kw name="Close All Browsers" library="SeleniumLibrary">
<doc>Closes all open browsers and resets the browser cache.</doc>
<status status="PASS" starttime="20231010 21:02:41.431" endtime="20231010 21:02:47.729"/>
</kw>
<status status="PASS" starttime="20231010 21:02:41.431" endtime="20231010 21:02:47.729"/>
</kw>
<status status="PASS" starttime="20231010 21:02:07.302" endtime="20231010 21:02:47.729"/>
</test>
<test id="s1-s1-t2" name="Add Laptop Successfully" line="17">
<kw name="Open My Browser" library="LaptopCategoriesResources" type="SETUP">
<kw name="Open Browser" library="SeleniumLibrary">
<arg>https://www.demoblaze.com/index.html</arg>
<arg>chrome</arg>
<doc>Opens a new browser instance to the optional ``url``.</doc>
<msg timestamp="20231010 21:02:47.771" level="INFO">Opening browser 'chrome' to base url 'https://www.demoblaze.com/index.html'.</msg>
<status status="PASS" starttime="20231010 21:02:47.769" endtime="20231010 21:02:51.238"/>
</kw>
<kw name="Maximize Browser Window" library="SeleniumLibrary">
<doc>Maximizes current browser window.</doc>
<status status="PASS" starttime="20231010 21:02:51.239" endtime="20231010 21:02:51.368"/>
</kw>
<kw name="Set Selenium Implicit Wait" library="SeleniumLibrary">
<arg>20</arg>
<doc>Sets the implicit wait value used by Selenium.</doc>
<status status="PASS" starttime="20231010 21:02:51.368" endtime="20231010 21:02:51.370"/>
</kw>
<kw name="Sleep" library="BuiltIn">
<arg>3</arg>
<doc>Pauses the test executed for the given time.</doc>
<msg timestamp="20231010 21:02:54.377" level="INFO">Slept 3 seconds</msg>
<status status="PASS" starttime="20231010 21:02:51.371" endtime="20231010 21:02:54.377"/>
</kw>
<status status="PASS" starttime="20231010 21:02:47.767" endtime="20231010 21:02:54.377"/>
</kw>
<kw name="Click Laptop Categories" library="LaptopCategoriesResources">
<kw name="Click Element" library="SeleniumLibrary">
<arg>${laptopsCategories}</arg>
<doc>Click the element identified by ``locator``.</doc>
<msg timestamp="20231010 21:02:54.379" level="INFO">Clicking element 'xpath:(//a[@class="list-group-item"])[3]'.</msg>
<status status="PASS" starttime="20231010 21:02:54.377" endtime="20231010 21:02:54.508"/>
</kw>
<kw name="Sleep" library="BuiltIn">
<arg>1</arg>
<doc>Pauses the test executed for the given time.</doc>
<msg timestamp="20231010 21:02:55.519" level="INFO">Slept 1 second</msg>
<status status="PASS" starttime="20231010 21:02:54.508" endtime="20231010 21:02:55.519"/>
</kw>
<status status="PASS" starttime="20231010 21:02:54.377" endtime="20231010 21:02:55.519"/>
</kw>
<kw name="Click A Laptop" library="LaptopCategoriesResources">
<kw name="Click Element" library="SeleniumLibrary">
<arg>${fristLaptop}</arg>
<doc>Click the element identified by ``locator``.</doc>
<msg timestamp="20231010 21:02:55.521" level="INFO">Clicking element '(//div[@class="card h-100"])[1]'.</msg>
<status status="PASS" starttime="20231010 21:02:55.520" endtime="20231010 21:02:56.271"/>
</kw>
<status status="PASS" starttime="20231010 21:02:55.519" endtime="20231010 21:02:56.272"/>
</kw>
<kw name="Click Add To Cart" library="LaptopCategoriesResources">
<kw name="Click Element" library="SeleniumLibrary">
<arg>${addToCart}</arg>
<doc>Click the element identified by ``locator``.</doc>
<msg timestamp="20231010 21:02:56.274" level="INFO">Clicking element 'xpath://a[@class="btn btn-success btn-lg"]'.</msg>
<status status="PASS" starttime="20231010 21:02:56.273" endtime="20231010 21:02:57.396"/>
</kw>
<status status="PASS" starttime="20231010 21:02:56.272" endtime="20231010 21:02:57.396"/>
</kw>
<kw name="Verify Add Successfully" library="LaptopCategoriesResources">
<kw name="Alert Should Be Present" library="SeleniumLibrary">
<arg>Product added</arg>
<doc>Verifies that an alert is present and by default, accepts it.</doc>
<msg timestamp="20231010 21:02:57.398" level="INFO">HANDLE::&lt;class 'NoneType'&gt;::None</msg>
<status status="PASS" starttime="20231010 21:02:57.397" endtime="20231010 21:02:58.437"/>
</kw>
<status status="PASS" starttime="20231010 21:02:57.397" endtime="20231010 21:02:58.437"/>
</kw>
<kw name="Close Browser" library="LaptopCategoriesResources" type="TEARDOWN">
<kw name="Close All Browsers" library="SeleniumLibrary">
<doc>Closes all open browsers and resets the browser cache.</doc>
<status status="PASS" starttime="20231010 21:02:58.439" endtime="20231010 21:03:04.762"/>
</kw>
<status status="PASS" starttime="20231010 21:02:58.438" endtime="20231010 21:03:04.762"/>
</kw>
<status status="PASS" starttime="20231010 21:02:47.731" endtime="20231010 21:03:04.762"/>
</test>
<test id="s1-s1-t3" name="Verify Laptop Added To Cart Successfully" line="23">
<kw name="Open My Browser" library="LaptopCategoriesResources" type="SETUP">
<kw name="Open Browser" library="SeleniumLibrary">
<arg>https://www.demoblaze.com/index.html</arg>
<arg>chrome</arg>
<doc>Opens a new browser instance to the optional ``url``.</doc>
<msg timestamp="20231010 21:03:04.765" level="INFO">Opening browser 'chrome' to base url 'https://www.demoblaze.com/index.html'.</msg>
<status status="PASS" starttime="20231010 21:03:04.764" endtime="20231010 21:03:07.681"/>
</kw>
<kw name="Maximize Browser Window" library="SeleniumLibrary">
<doc>Maximizes current browser window.</doc>
<status status="PASS" starttime="20231010 21:03:07.681" endtime="20231010 21:03:07.798"/>
</kw>
<kw name="Set Selenium Implicit Wait" library="SeleniumLibrary">
<arg>20</arg>
<doc>Sets the implicit wait value used by Selenium.</doc>
<status status="PASS" starttime="20231010 21:03:07.798" endtime="20231010 21:03:07.802"/>
</kw>
<kw name="Sleep" library="BuiltIn">
<arg>3</arg>
<doc>Pauses the test executed for the given time.</doc>
<msg timestamp="20231010 21:03:10.812" level="INFO">Slept 3 seconds</msg>
<status status="PASS" starttime="20231010 21:03:07.802" endtime="20231010 21:03:10.813"/>
</kw>
<status status="PASS" starttime="20231010 21:03:04.764" endtime="20231010 21:03:10.813"/>
</kw>
<kw name="Click Laptop Categories" library="LaptopCategoriesResources">
<kw name="Click Element" library="SeleniumLibrary">
<arg>${laptopsCategories}</arg>
<doc>Click the element identified by ``locator``.</doc>
<msg timestamp="20231010 21:03:10.815" level="INFO">Clicking element 'xpath:(//a[@class="list-group-item"])[3]'.</msg>
<status status="PASS" starttime="20231010 21:03:10.814" endtime="20231010 21:03:10.908"/>
</kw>
<kw name="Sleep" library="BuiltIn">
<arg>1</arg>
<doc>Pauses the test executed for the given time.</doc>
<msg timestamp="20231010 21:03:11.921" level="INFO">Slept 1 second</msg>
<status status="PASS" starttime="20231010 21:03:10.908" endtime="20231010 21:03:11.921"/>
</kw>
<status status="PASS" starttime="20231010 21:03:10.813" endtime="20231010 21:03:11.921"/>
</kw>
<kw name="Click A Laptop" library="LaptopCategoriesResources">
<kw name="Click Element" library="SeleniumLibrary">
<arg>${fristLaptop}</arg>
<doc>Click the element identified by ``locator``.</doc>
<msg timestamp="20231010 21:03:11.924" level="INFO">Clicking element '(//div[@class="card h-100"])[1]'.</msg>
<status status="PASS" starttime="20231010 21:03:11.923" endtime="20231010 21:03:12.734"/>
</kw>
<status status="PASS" starttime="20231010 21:03:11.922" endtime="20231010 21:03:12.734"/>
</kw>
<kw name="Click Add To Cart" library="LaptopCategoriesResources">
<kw name="Click Element" library="SeleniumLibrary">
<arg>${addToCart}</arg>
<doc>Click the element identified by ``locator``.</doc>
<msg timestamp="20231010 21:03:12.735" level="INFO">Clicking element 'xpath://a[@class="btn btn-success btn-lg"]'.</msg>
<status status="PASS" starttime="20231010 21:03:12.734" endtime="20231010 21:03:13.737"/>
</kw>
<status status="PASS" starttime="20231010 21:03:12.734" endtime="20231010 21:03:13.738"/>
</kw>
<kw name="Verify Add Successfully" library="LaptopCategoriesResources">
<kw name="Alert Should Be Present" library="SeleniumLibrary">
<arg>Product added</arg>
<doc>Verifies that an alert is present and by default, accepts it.</doc>
<msg timestamp="20231010 21:03:13.740" level="INFO">HANDLE::&lt;class 'NoneType'&gt;::None</msg>
<status status="PASS" starttime="20231010 21:03:13.739" endtime="20231010 21:03:14.774"/>
</kw>
<status status="PASS" starttime="20231010 21:03:13.738" endtime="20231010 21:03:14.775"/>
</kw>
<kw name="Click Cart" library="LaptopCategoriesResources">
<kw name="Wait Until Element Is Visible" library="SeleniumLibrary">
<arg>${cart}</arg>
<doc>Waits until the element ``locator`` is visible.</doc>
<status status="PASS" starttime="20231010 21:03:14.775" endtime="20231010 21:03:14.834"/>
</kw>
<kw name="Click Element" library="SeleniumLibrary">
<arg>${cart}</arg>
<doc>Click the element identified by ``locator``.</doc>
<msg timestamp="20231010 21:03:14.835" level="INFO">Clicking element '//a[contains(text(),"Cart")]'.</msg>
<status status="PASS" starttime="20231010 21:03:14.834" endtime="20231010 21:03:15.899"/>
</kw>
<status status="PASS" starttime="20231010 21:03:14.775" endtime="20231010 21:03:15.899"/>
</kw>
<kw name="Get Items Details" library="LaptopCategoriesResources">
<kw name="Sleep" library="BuiltIn">
<arg>1</arg>
<doc>Pauses the test executed for the given time.</doc>
<msg timestamp="20231010 21:03:16.914" level="INFO">Slept 1 second</msg>
<status status="PASS" starttime="20231010 21:03:15.899" endtime="20231010 21:03:16.914"/>
</kw>
<kw name="Get WebElements" library="SeleniumLibrary">
<var>${Items}</var>
<arg>${cells}</arg>
<doc>Returns a list of WebElement objects matching the ``locator``.</doc>
<msg timestamp="20231010 21:03:17.519" level="INFO">${Items} = [&lt;selenium.webdriver.remote.webelement.WebElement (session="df46f65f85ead755ff8d45c5221bfce2", element="A60619618B237CA329330A616769D60E_element_169")&gt;, &lt;selenium.webdriver.remote.webelement.WebElemen...</msg>
<status status="PASS" starttime="20231010 21:03:16.914" endtime="20231010 21:03:17.519"/>
</kw>
<for flavor="IN">
<var>${Item}</var>
<value>@{Items}</value>
<iter>
<var name="${Item}">&lt;selenium.webdriver.remote.webelement.WebElement (session="df46f65f85ead755ff8d45c5221bfce2", element="A60619618B237CA329330A616769D60E_element_169")&gt;</var>
<kw name="Get Text" library="SeleniumLibrary">
<var>${text}</var>
<arg>${Item}</arg>
<doc>Returns the text value of the element identified by ``locator``.</doc>
<msg timestamp="20231010 21:03:17.548" level="INFO">${text} = </msg>
<status status="PASS" starttime="20231010 21:03:17.520" endtime="20231010 21:03:17.548"/>
</kw>
<kw name="Log To Console" library="BuiltIn">
<arg>${text}</arg>
<doc>Logs the given message to the console.</doc>
<status status="PASS" starttime="20231010 21:03:17.548" endtime="20231010 21:03:17.549"/>
</kw>
<status status="PASS" starttime="20231010 21:03:17.520" endtime="20231010 21:03:17.549"/>
</iter>
<iter>
<var name="${Item}">&lt;selenium.webdriver.remote.webelement.WebElement (session="df46f65f85ead755ff8d45c5221bfce2", element="A60619618B237CA329330A616769D60E_element_170")&gt;</var>
<kw name="Get Text" library="SeleniumLibrary">
<var>${text}</var>
<arg>${Item}</arg>
<doc>Returns the text value of the element identified by ``locator``.</doc>
<msg timestamp="20231010 21:03:17.570" level="INFO">${text} = Sony vaio i5</msg>
<status status="PASS" starttime="20231010 21:03:17.550" endtime="20231010 21:03:17.570"/>
</kw>
<kw name="Log To Console" library="BuiltIn">
<arg>${text}</arg>
<doc>Logs the given message to the console.</doc>
<status status="PASS" starttime="20231010 21:03:17.570" endtime="20231010 21:03:17.571"/>
</kw>
<status status="PASS" starttime="20231010 21:03:17.550" endtime="20231010 21:03:17.571"/>
</iter>
<iter>
<var name="${Item}">&lt;selenium.webdriver.remote.webelement.WebElement (session="df46f65f85ead755ff8d45c5221bfce2", element="A60619618B237CA329330A616769D60E_element_171")&gt;</var>
<kw name="Get Text" library="SeleniumLibrary">
<var>${text}</var>
<arg>${Item}</arg>
<doc>Returns the text value of the element identified by ``locator``.</doc>
<msg timestamp="20231010 21:03:17.589" level="INFO">${text} = 790</msg>
<status status="PASS" starttime="20231010 21:03:17.571" endtime="20231010 21:03:17.590"/>
</kw>
<kw name="Log To Console" library="BuiltIn">
<arg>${text}</arg>
<doc>Logs the given message to the console.</doc>
<status status="PASS" starttime="20231010 21:03:17.590" endtime="20231010 21:03:17.592"/>
</kw>
<status status="PASS" starttime="20231010 21:03:17.571" endtime="20231010 21:03:17.592"/>
</iter>
<iter>
<var name="${Item}">&lt;selenium.webdriver.remote.webelement.WebElement (session="df46f65f85ead755ff8d45c5221bfce2", element="A60619618B237CA329330A616769D60E_element_172")&gt;</var>
<kw name="Get Text" library="SeleniumLibrary">
<var>${text}</var>
<arg>${Item}</arg>
<doc>Returns the text value of the element identified by ``locator``.</doc>
<msg timestamp="20231010 21:03:17.609" level="INFO">${text} = Delete</msg>
<status status="PASS" starttime="20231010 21:03:17.592" endtime="20231010 21:03:17.609"/>
</kw>
<kw name="Log To Console" library="BuiltIn">
<arg>${text}</arg>
<doc>Logs the given message to the console.</doc>
<status status="PASS" starttime="20231010 21:03:17.609" endtime="20231010 21:03:17.610"/>
</kw>
<status status="PASS" starttime="20231010 21:03:17.592" endtime="20231010 21:03:17.610"/>
</iter>
<status status="PASS" starttime="20231010 21:03:17.519" endtime="20231010 21:03:17.610"/>
</for>
<status status="PASS" starttime="20231010 21:03:15.899" endtime="20231010 21:03:17.610"/>
</kw>
<kw name="Close Browser" library="LaptopCategoriesResources" type="TEARDOWN">
<kw name="Close All Browsers" library="SeleniumLibrary">
<doc>Closes all open browsers and resets the browser cache.</doc>
<status status="PASS" starttime="20231010 21:03:17.611" endtime="20231010 21:03:19.874"/>
</kw>
<status status="PASS" starttime="20231010 21:03:17.610" endtime="20231010 21:03:19.874"/>
</kw>
<status status="PASS" starttime="20231010 21:03:04.763" endtime="20231010 21:03:19.874"/>
</test>
<status status="PASS" starttime="20231010 21:02:06.970" endtime="20231010 21:03:19.877"/>
</suite>
<status status="PASS" starttime="20231010 21:02:06.927" endtime="20231010 21:03:19.880"/>
</suite>
<statistics>
<total>
<stat pass="3" fail="0" skip="0">All Tests</stat>
</total>
<tag>
</tag>
<suite>
<stat pass="3" fail="0" skip="0" id="s1" name="Suites">Suites</stat>
<stat pass="3" fail="0" skip="0" id="s1-s1" name="AddLatopTest">Suites.AddLatopTest</stat>
</suite>
</statistics>
<errors>
<msg timestamp="20231010 21:02:06.927" level="ERROR">Taking listener 'RobotStackTracer' into use failed: Importing listener 'RobotStackTracer' failed: ModuleNotFoundError: No module named 'RobotStackTracer'
Traceback (most recent call last):
  None
PYTHONPATH:
  C:\Users\jinjh\PycharmProjects\RobotProject\venv\Scripts\robot.exe
  C:\Users\jinjh\AppData\Local\Programs\Python\Python39\python39.zip
  C:\Users\jinjh\AppData\Local\Programs\Python\Python39\DLLs
  C:\Users\jinjh\AppData\Local\Programs\Python\Python39\lib
  C:\Users\jinjh\AppData\Local\Programs\Python\Python39
  C:\Users\jinjh\PycharmProjects\RobotProject\venv
  C:\Users\jinjh\PycharmProjects\RobotProject\venv\lib\site-packages</msg>
</errors>
</robot>
